[DEBUG][2020-10-20 21:09:54][org.apache.ibatis.logging.LogFactory]-Logging initialized using 'class org.apache.ibatis.logging.log4j.Log4jImpl' adapter.
[DEBUG][2020-10-20 21:09:54][org.apache.ibatis.logging.LogFactory]-Logging initialized using 'class org.apache.ibatis.logging.log4j.Log4jImpl' adapter.
[DEBUG][2020-10-20 21:09:55][org.apache.ibatis.datasource.pooled.PooledDataSource]-PooledDataSource forcefully closed/removed all connections.
[DEBUG][2020-10-20 21:09:55][org.apache.ibatis.datasource.pooled.PooledDataSource]-PooledDataSource forcefully closed/removed all connections.
[DEBUG][2020-10-20 21:09:55][org.apache.ibatis.datasource.pooled.PooledDataSource]-PooledDataSource forcefully closed/removed all connections.
[DEBUG][2020-10-20 21:09:55][org.apache.ibatis.datasource.pooled.PooledDataSource]-PooledDataSource forcefully closed/removed all connections.
[DEBUG][2020-10-20 21:09:55][org.apache.ibatis.transaction.jdbc.JdbcTransaction]-Opening JDBC Connection
[DEBUG][2020-10-20 21:09:55][org.apache.ibatis.datasource.pooled.PooledDataSource]-Created connection 1807015220.
[DEBUG][2020-10-20 21:09:55][org.apache.ibatis.transaction.jdbc.JdbcTransaction]-Setting autocommit to false on JDBC Connection [com.mysql.jdbc.JDBC4Connection@6bb4dd34]
[DEBUG][2020-10-20 21:09:55][com.bai.dao.UserMapper.getUserList]-==>  Preparing: select * from mybatis.user;
[DEBUG][2020-10-20 21:09:55][com.bai.dao.UserMapper.getUserList]-==> Parameters: 
[DEBUG][2020-10-20 21:09:55][com.bai.dao.UserMapper.getUserList]-<==      Total: 3
[DEBUG][2020-10-20 21:09:55][org.apache.ibatis.transaction.jdbc.JdbcTransaction]-Resetting autocommit to true on JDBC Connection [com.mysql.jdbc.JDBC4Connection@6bb4dd34]
[DEBUG][2020-10-20 21:09:55][org.apache.ibatis.transaction.jdbc.JdbcTransaction]-Closing JDBC Connection [com.mysql.jdbc.JDBC4Connection@6bb4dd34]
[DEBUG][2020-10-20 21:09:55][org.apache.ibatis.datasource.pooled.PooledDataSource]-Returned connection 1807015220 to pool.
[DEBUG][2020-10-20 21:17:47][org.apache.ibatis.logging.LogFactory]-Logging initialized using 'class org.apache.ibatis.logging.log4j.Log4jImpl' adapter.
[DEBUG][2020-10-20 21:17:47][org.apache.ibatis.logging.LogFactory]-Logging initialized using 'class org.apache.ibatis.logging.log4j.Log4jImpl' adapter.
[DEBUG][2020-10-20 21:17:47][org.apache.ibatis.datasource.pooled.PooledDataSource]-PooledDataSource forcefully closed/removed all connections.
[DEBUG][2020-10-20 21:17:47][org.apache.ibatis.datasource.pooled.PooledDataSource]-PooledDataSource forcefully closed/removed all connections.
[DEBUG][2020-10-20 21:17:47][org.apache.ibatis.datasource.pooled.PooledDataSource]-PooledDataSource forcefully closed/removed all connections.
[DEBUG][2020-10-20 21:17:47][org.apache.ibatis.datasource.pooled.PooledDataSource]-PooledDataSource forcefully closed/removed all connections.
[DEBUG][2020-10-20 21:17:47][org.apache.ibatis.transaction.jdbc.JdbcTransaction]-Opening JDBC Connection
[DEBUG][2020-10-20 21:17:47][org.apache.ibatis.datasource.pooled.PooledDataSource]-Created connection 135184888.
[DEBUG][2020-10-20 21:17:47][org.apache.ibatis.transaction.jdbc.JdbcTransaction]-Setting autocommit to false on JDBC Connection [com.mysql.jdbc.JDBC4Connection@80ec1f8]
[DEBUG][2020-10-20 21:17:47][com.bai.dao.UserMapper.getUserLimit]-==>  Preparing: select * from mybatis.user limit ?,?
[DEBUG][2020-10-20 21:17:47][com.bai.dao.UserMapper.getUserLimit]-==> Parameters: 0(Integer), 2(Integer)
[DEBUG][2020-10-20 21:17:47][com.bai.dao.UserMapper.getUserLimit]-<==      Total: 2
[DEBUG][2020-10-20 21:17:47][org.apache.ibatis.transaction.jdbc.JdbcTransaction]-Resetting autocommit to true on JDBC Connection [com.mysql.jdbc.JDBC4Connection@80ec1f8]
[DEBUG][2020-10-20 21:17:47][org.apache.ibatis.transaction.jdbc.JdbcTransaction]-Closing JDBC Connection [com.mysql.jdbc.JDBC4Connection@80ec1f8]
[DEBUG][2020-10-20 21:17:47][org.apache.ibatis.datasource.pooled.PooledDataSource]-Returned connection 135184888 to pool.
[DEBUG][2020-10-20 21:18:13][org.apache.ibatis.logging.LogFactory]-Logging initialized using 'class org.apache.ibatis.logging.log4j.Log4jImpl' adapter.
[DEBUG][2020-10-20 21:18:13][org.apache.ibatis.logging.LogFactory]-Logging initialized using 'class org.apache.ibatis.logging.log4j.Log4jImpl' adapter.
[DEBUG][2020-10-20 21:18:13][org.apache.ibatis.datasource.pooled.PooledDataSource]-PooledDataSource forcefully closed/removed all connections.
[DEBUG][2020-10-20 21:18:13][org.apache.ibatis.datasource.pooled.PooledDataSource]-PooledDataSource forcefully closed/removed all connections.
[DEBUG][2020-10-20 21:18:13][org.apache.ibatis.datasource.pooled.PooledDataSource]-PooledDataSource forcefully closed/removed all connections.
[DEBUG][2020-10-20 21:18:13][org.apache.ibatis.datasource.pooled.PooledDataSource]-PooledDataSource forcefully closed/removed all connections.
[DEBUG][2020-10-20 21:18:13][org.apache.ibatis.transaction.jdbc.JdbcTransaction]-Opening JDBC Connection
[DEBUG][2020-10-20 21:18:14][org.apache.ibatis.datasource.pooled.PooledDataSource]-Created connection 135184888.
[DEBUG][2020-10-20 21:18:14][org.apache.ibatis.transaction.jdbc.JdbcTransaction]-Setting autocommit to false on JDBC Connection [com.mysql.jdbc.JDBC4Connection@80ec1f8]
[DEBUG][2020-10-20 21:18:14][com.bai.dao.UserMapper.getUserLimit]-==>  Preparing: select * from mybatis.user limit ?,?
[DEBUG][2020-10-20 21:18:14][com.bai.dao.UserMapper.getUserLimit]-==> Parameters: 1(Integer), 2(Integer)
[DEBUG][2020-10-20 21:18:14][com.bai.dao.UserMapper.getUserLimit]-<==      Total: 2
[DEBUG][2020-10-20 21:18:14][org.apache.ibatis.transaction.jdbc.JdbcTransaction]-Resetting autocommit to true on JDBC Connection [com.mysql.jdbc.JDBC4Connection@80ec1f8]
[DEBUG][2020-10-20 21:18:14][org.apache.ibatis.transaction.jdbc.JdbcTransaction]-Closing JDBC Connection [com.mysql.jdbc.JDBC4Connection@80ec1f8]
[DEBUG][2020-10-20 21:18:14][org.apache.ibatis.datasource.pooled.PooledDataSource]-Returned connection 135184888 to pool.
[DEBUG][2020-10-20 21:24:05][org.apache.ibatis.logging.LogFactory]-Logging initialized using 'class org.apache.ibatis.logging.log4j.Log4jImpl' adapter.
[DEBUG][2020-10-20 21:24:05][org.apache.ibatis.logging.LogFactory]-Logging initialized using 'class org.apache.ibatis.logging.log4j.Log4jImpl' adapter.
[DEBUG][2020-10-20 21:24:05][org.apache.ibatis.datasource.pooled.PooledDataSource]-PooledDataSource forcefully closed/removed all connections.
[DEBUG][2020-10-20 21:24:05][org.apache.ibatis.datasource.pooled.PooledDataSource]-PooledDataSource forcefully closed/removed all connections.
[DEBUG][2020-10-20 21:24:05][org.apache.ibatis.datasource.pooled.PooledDataSource]-PooledDataSource forcefully closed/removed all connections.
[DEBUG][2020-10-20 21:24:05][org.apache.ibatis.datasource.pooled.PooledDataSource]-PooledDataSource forcefully closed/removed all connections.
[DEBUG][2020-10-20 21:25:46][org.apache.ibatis.logging.LogFactory]-Logging initialized using 'class org.apache.ibatis.logging.log4j.Log4jImpl' adapter.
[DEBUG][2020-10-20 21:25:46][org.apache.ibatis.logging.LogFactory]-Logging initialized using 'class org.apache.ibatis.logging.log4j.Log4jImpl' adapter.
[DEBUG][2020-10-20 21:25:46][org.apache.ibatis.datasource.pooled.PooledDataSource]-PooledDataSource forcefully closed/removed all connections.
[DEBUG][2020-10-20 21:25:46][org.apache.ibatis.datasource.pooled.PooledDataSource]-PooledDataSource forcefully closed/removed all connections.
[DEBUG][2020-10-20 21:25:46][org.apache.ibatis.datasource.pooled.PooledDataSource]-PooledDataSource forcefully closed/removed all connections.
[DEBUG][2020-10-20 21:25:46][org.apache.ibatis.datasource.pooled.PooledDataSource]-PooledDataSource forcefully closed/removed all connections.
[DEBUG][2020-10-20 21:25:46][org.apache.ibatis.transaction.jdbc.JdbcTransaction]-Opening JDBC Connection
[DEBUG][2020-10-20 21:25:46][org.apache.ibatis.datasource.pooled.PooledDataSource]-Created connection 868964689.
[DEBUG][2020-10-20 21:25:46][org.apache.ibatis.transaction.jdbc.JdbcTransaction]-Setting autocommit to false on JDBC Connection [com.mysql.jdbc.JDBC4Connection@33cb5951]
[DEBUG][2020-10-20 21:25:46][com.bai.dao.UserMapper.getUserRowBounds]-==>  Preparing: select * from mybatis.user
[DEBUG][2020-10-20 21:25:46][com.bai.dao.UserMapper.getUserRowBounds]-==> Parameters: 
[DEBUG][2020-10-20 21:25:46][org.apache.ibatis.transaction.jdbc.JdbcTransaction]-Resetting autocommit to true on JDBC Connection [com.mysql.jdbc.JDBC4Connection@33cb5951]
[DEBUG][2020-10-20 21:25:46][org.apache.ibatis.transaction.jdbc.JdbcTransaction]-Closing JDBC Connection [com.mysql.jdbc.JDBC4Connection@33cb5951]
[DEBUG][2020-10-20 21:25:46][org.apache.ibatis.datasource.pooled.PooledDataSource]-Returned connection 868964689 to pool.
[DEBUG][2020-10-20 21:26:09][org.apache.ibatis.logging.LogFactory]-Logging initialized using 'class org.apache.ibatis.logging.log4j.Log4jImpl' adapter.
[DEBUG][2020-10-20 21:26:09][org.apache.ibatis.logging.LogFactory]-Logging initialized using 'class org.apache.ibatis.logging.log4j.Log4jImpl' adapter.
[DEBUG][2020-10-20 21:26:09][org.apache.ibatis.datasource.pooled.PooledDataSource]-PooledDataSource forcefully closed/removed all connections.
[DEBUG][2020-10-20 21:26:09][org.apache.ibatis.datasource.pooled.PooledDataSource]-PooledDataSource forcefully closed/removed all connections.
[DEBUG][2020-10-20 21:26:09][org.apache.ibatis.datasource.pooled.PooledDataSource]-PooledDataSource forcefully closed/removed all connections.
[DEBUG][2020-10-20 21:26:09][org.apache.ibatis.datasource.pooled.PooledDataSource]-PooledDataSource forcefully closed/removed all connections.
[DEBUG][2020-10-20 21:26:10][org.apache.ibatis.transaction.jdbc.JdbcTransaction]-Opening JDBC Connection
[DEBUG][2020-10-20 21:26:10][org.apache.ibatis.datasource.pooled.PooledDataSource]-Created connection 868964689.
[DEBUG][2020-10-20 21:26:10][org.apache.ibatis.transaction.jdbc.JdbcTransaction]-Setting autocommit to false on JDBC Connection [com.mysql.jdbc.JDBC4Connection@33cb5951]
[DEBUG][2020-10-20 21:26:10][com.bai.dao.UserMapper.getUserRowBounds]-==>  Preparing: select * from mybatis.user
[DEBUG][2020-10-20 21:26:10][com.bai.dao.UserMapper.getUserRowBounds]-==> Parameters: 
[DEBUG][2020-10-20 21:26:10][org.apache.ibatis.transaction.jdbc.JdbcTransaction]-Resetting autocommit to true on JDBC Connection [com.mysql.jdbc.JDBC4Connection@33cb5951]
[DEBUG][2020-10-20 21:26:10][org.apache.ibatis.transaction.jdbc.JdbcTransaction]-Closing JDBC Connection [com.mysql.jdbc.JDBC4Connection@33cb5951]
[DEBUG][2020-10-20 21:26:10][org.apache.ibatis.datasource.pooled.PooledDataSource]-Returned connection 868964689 to pool.
[DEBUG][2020-10-21 21:06:20][org.apache.ibatis.logging.LogFactory]-Logging initialized using 'class org.apache.ibatis.logging.log4j.Log4jImpl' adapter.
[DEBUG][2020-10-21 21:06:20][org.apache.ibatis.logging.LogFactory]-Logging initialized using 'class org.apache.ibatis.logging.log4j.Log4jImpl' adapter.
